[22:19:43] === M7 PPO Training Start ===
[22:19:43]   n_envs=8, curriculum=['clean', 'thermal_ramp', 'b_field_drift', 'laser_intensity_drift', 'all_stacked']
[22:19:43]   rollout_duration_s=20.0, disc_noise=7e-04
[22:19:47]   PPO policy: ActorCriticPolicy(
  (features_extractor): FlattenExtractor(
    (flatten): Flatten(start_dim=1, end_dim=-1)
  )
  (pi_features_extractor): FlattenExtractor(
    (flatten): Flatten(start_dim=1, end_dim=-1)
  )
  (vf_features_extractor): FlattenExtractor(
    (flatten): Flatten(start_dim=1, end_dim=-1)
  )
  (mlp_extractor): MlpExtractor(
    (policy_net): Sequential(
      (0): Linear(in_features=15, out_features=64, bias=True)
      (1): Tanh()
      (2): Linear(in_features=64, out_features=64, bias=True)
      (3): Tanh()
      (4): Linear(in_features=64, out_features=32, bias=True)
      (5): Tanh()
    )
    (value_net): Sequential(
      (0): Linear(in_features=15, out_features=64, bias=True)
      (1): Tanh()
      (2): Linear(in_features=64, out_features=64, bias=True)
      (3): Tanh()
      (4): Linear(in_features=64, out_features=32, bias=True)
      (5): Tanh()
    )
  )
  (action_net): Linear(in_features=32, out_features=1, bias=True)
  (value_net): Linear(in_features=32, out_features=1, bias=True)
)
[22:19:47]   Stage 1/5: scenario=clean, timesteps=50000
[22:21:57]     stage 1 done: wall=125.4s, mean_rew=nan, total_steps=50000
[22:21:57]     RSS after stage 1: 0.03 GB
[22:21:57]   Stage 2/5: scenario=thermal_ramp, timesteps=200000
[22:29:06]     stage 2 done: wall=422.9s, mean_rew=-2.5460e-10, total_steps=250000
[22:29:06]     [best] saved model (mean_rew=-2.5460e-10)
[22:29:06]     RSS after stage 2: 0.04 GB
[22:29:06]   Stage 3/5: scenario=b_field_drift, timesteps=100000
[22:32:58]     stage 3 done: wall=226.4s, mean_rew=nan, total_steps=350000
[22:32:58]     RSS after stage 3: 0.04 GB
[22:32:58]   Stage 4/5: scenario=laser_intensity_drift, timesteps=100000
[22:36:53]     stage 4 done: wall=228.6s, mean_rew=nan, total_steps=450000
[22:36:53]     RSS after stage 4: 0.03 GB
[22:36:53]   Stage 5/5: scenario=all_stacked, timesteps=200000
[22:44:15]     stage 5 done: wall=437.0s, mean_rew=-2.8442e-10, total_steps=650000
[22:44:15]     RSS after stage 5: 0.04 GB
[22:44:15] === Training complete: total_wall=1471.8s ===
