[13:57:12] === Fast M3 v0 ===
[13:57:12] PI nominal: kp=30000.0, ki=3000000.0, dt=0.001, rf_limit=1000.0
[13:57:12] disc_noise_amp_ci = 7e-04
[13:57:12] Run [nominal_noise]: starting (controller=PI, pilot=0.0Hz x 0.0Hz, lo_scale=1.0, disc_amp=7e-04)
[14:03:44]   wall 390.7 s
[14:03:44] Run [open_pilot]: starting (controller=open, pilot=1.0Hz x 10.0Hz, lo_scale=0.05, disc_amp=0e+00)
[14:10:12]   wall 386.8 s
[14:10:12] Run [closed_pilot_nominal]: starting (controller=PI, pilot=1.0Hz x 10.0Hz, lo_scale=0.05, disc_amp=0e+00)
[14:16:44]   wall 390.2 s
[14:16:44] Run [closed_pilot_weak]: starting (controller=PI, pilot=1.0Hz x 10.0Hz, lo_scale=0.05, disc_amp=0e+00)
[14:23:16]   wall 391.0 s
[14:23:16] Allan: sigma_y(1s)=3.088e-11 (ratio 0.77), sigma_y(10s)=1.152e-11 (ratio 0.89), slope=-0.43
[14:23:16] Open-loop pilot SNR (error): 68.2 dB
[14:23:16] Pilot amp open / closed-nominal / closed-weak: 1.462e-09 / 3.009e-11 / 1.329e-09
[14:23:16] Suppression (closed/open) nominal: 2.058e-02, weak: 9.087e-01, sens: 32.9 dB
[14:23:16] Cancellation phase: 178.8 deg (target 180+/-45)
[14:23:16] 
=== Gate verdicts ===
[14:23:16]   allan_pass: PASS
[14:23:16]   slope_pass: PASS
[14:23:16]   snr_pass: PASS
[14:23:16]   suppression_pass: PASS
[14:23:16]   phase_pass: PASS
[14:23:16]   controller_sensitivity_pass: PASS
[14:23:16]   ALL: PASS
[14:23:16] Wrote C:\Users\Jack\Documents\Research\WIP\CPTServo\data\gate_M3_v0.json
