✓ Initialized. View run at 
https://modal.com/apps/dovakinvsalduin444444/main/ap-m3fKCLYSOaNqQARRLN89U9
Stopping app - uncaught exception raised locally: ExecutionError('C:\\Users\\Jack\\Documents\\Research\\WIP\\CPTServo\\data\\modal_apg_run.log was modified during build process.').
Building image im-SH20mZ7ZgbkoeDN2mWmkHJ

=> Step 0: FROM base

=> Step 1: RUN apt-get update
Get:1 http://deb.debian.org/debian bookworm InRelease [151 kB]
Get:2 http://deb.debian.org/debian bookworm-updates InRelease [55.4 kB]
Get:3 http://deb.debian.org/debian-security bookworm-security InRelease [48.0 kB]
Get:4 http://deb.debian.org/debian bookworm/main amd64 Packages [8792 kB]
Get:5 http://deb.debian.org/debian-security bookworm-security/main amd64 Packages [297 kB]
Fetched 9343 kB in 2s (5846 kB/s)
Reading package lists...

=> Step 2: RUN apt-get install -y git
Reading package lists...
Building dependency tree...
Reading state information...
The following additional packages will be installed:
  git-man less libcbor0.8 libcurl3-gnutls libedit2 liberror-perl libfido2-1
  libnghttp2-14 libpsl5 librtmp1 libssh2-1 libssl3 libxext6 libxmuu1
  openssh-client openssl publicsuffix xauth
Suggested packages:
  gettext-base git-daemon-run | git-daemon-sysvinit git-doc git-email git-gui
  gitk gitweb git-cvs git-mediawiki git-svn keychain libpam-ssh monkeysphere
  ssh-askpass
The following NEW packages will be installed:
  git git-man less libcbor0.8 libcurl3-gnutls libedit2 liberror-perl
  libfido2-1 libnghttp2-14 libpsl5 librtmp1 libssh2-1 libxext6 libxmuu1
  openssh-client publicsuffix xauth
The following packages will be upgraded:
  libssl3 openssl
2 upgraded, 17 newly installed, 0 to remove and 39 not upgraded.
Need to get 15.1 MB of archives.
After this operation, 57.4 MB of additional disk space will be used.
Get:1 http://deb.debian.org/debian bookworm/main amd64 less amd64 590-2.1~deb12u2 [132 kB]
Get:2 http://deb.debian.org/debian bookworm/main amd64 libedit2 amd64 3.1-20221030-2 [93.0 kB]
Get:3 http://deb.debian.org/debian bookworm/main amd64 libcbor0.8 amd64 0.8.0-2+b1 [27.4 kB]
Get:4 http://deb.debian.org/debian-security bookworm-security/main amd64 libssl3 amd64 3.0.19-1~deb12u2 [2032 kB]
Get:5 http://deb.debian.org/debian bookworm/main amd64 libfido2-1 amd64 1.12.0-2+b1 [77.2 kB]
Get:6 http://deb.debian.org/debian-security bookworm-security/main amd64 openssh-client amd64 1:9.2p1-2+deb12u9 [993 kB]
Get:7 http://deb.debian.org/debian bookworm/main amd64 libnghttp2-14 amd64 1.52.0-1+deb12u2 [73.0 kB]
Get:8 http://deb.debian.org/debian bookworm/main amd64 libpsl5 amd64 0.21.2-1 [58.7 kB]
Get:9 http://deb.debian.org/debian bookworm/main amd64 librtmp1 amd64 2.4+20151223.gitfa8646d.1-2+b2 [60.8 kB]
Get:10 http://deb.debian.org/debian bookworm/main amd64 libssh2-1 amd64 1.10.0-3+b1 [179 kB]
Get:11 http://deb.debian.org/debian bookworm/main amd64 libcurl3-gnutls amd64 7.88.1-10+deb12u14 [386 kB]
Get:12 http://deb.debian.org/debian bookworm/main amd64 liberror-perl all 0.17029-2 [29.0 kB]
Get:13 http://deb.debian.org/debian bookworm/main amd64 git-man all 1:2.39.5-0+deb12u3 [2053 kB]
Get:14 http://deb.debian.org/debian bookworm/main amd64 git amd64 1:2.39.5-0+deb12u3 [7264 kB]
Get:15 http://deb.debian.org/debian bookworm/main amd64 libxext6 amd64 2:1.3.4-1+b1 [52.9 kB]
Get:16 http://deb.debian.org/debian bookworm/main amd64 libxmuu1 amd64 2:1.1.3-3 [23.9 kB]
Get:17 http://deb.debian.org/debian-security bookworm-security/main amd64 openssl amd64 3.0.19-1~deb12u2 [1435 kB]
Get:18 http://deb.debian.org/debian bookworm/main amd64 publicsuffix all 20230209.2326-1 [126 kB]
Get:19 http://deb.debian.org/debian bookworm/main amd64 xauth amd64 1:1.1.2-1 [36.0 kB]
debconf: delaying package configuration, since apt-utils is not installed
Fetched 15.1 MB in 0s (119 MB/s)
Selecting previously unselected package less.
(Reading database ... 
[1A(Reading database ... 5%
[1A(Reading database ... 10%
[1A(Reading database ... 15%
[1A(Reading database ... 20%
[1A(Reading database ... 25%
[1A(Reading database ... 30%(Reading database ... 35%(Reading database ... 40%
[1A(Reading database ... 45%(Reading database ... 50%(Reading database ... 55%(Reading database ... 60%
[1A(Reading database ... 65%(Reading database ... 70%(Reading database ... 75%
[1A(Reading database ... 80%(Reading database ... 85%(Reading database ... 90%
[1A(Reading database ... 95%(Reading database ... 100%
[1A(Reading database ... 16439 files and directories currently installed.)
Preparing to unpack .../00-less_590-2.1~deb12u2_amd64.deb ...
Unpacking less (590-2.1~deb12u2) ...
Selecting previously unselected package libedit2:amd64.
Preparing to unpack .../01-libedit2_3.1-20221030-2_amd64.deb ...
Unpacking libedit2:amd64 (3.1-20221030-2) ...
Selecting previously unselected package libcbor0.8:amd64.
Preparing to unpack .../02-libcbor0.8_0.8.0-2+b1_amd64.deb ...
Unpacking libcbor0.8:amd64 (0.8.0-2+b1) ...
Preparing to unpack .../03-libssl3_3.0.19-1~deb12u2_amd64.deb ...
Unpacking libssl3:amd64 (3.0.19-1~deb12u2) over (3.0.16-1~deb12u1) ...
Selecting previously unselected package libfido2-1:amd64.
Preparing to unpack .../04-libfido2-1_1.12.0-2+b1_amd64.deb ...
Unpacking libfido2-1:amd64 (1.12.0-2+b1) ...
Selecting previously unselected package openssh-client.
Preparing to unpack .../05-openssh-client_1%3a9.2p1-2+deb12u9_amd64.deb ...
Unpacking openssh-client (1:9.2p1-2+deb12u9) ...
Selecting previously unselected package libnghttp2-14:amd64.
Preparing to unpack .../06-libnghttp2-14_1.52.0-1+deb12u2_amd64.deb ...
Unpacking libnghttp2-14:amd64 (1.52.0-1+deb12u2) ...
Selecting previously unselected package libpsl5:amd64.
Preparing to unpack .../07-libpsl5_0.21.2-1_amd64.deb ...
Unpacking libpsl5:amd64 (0.21.2-1) ...
Selecting previously unselected package librtmp1:amd64.
Preparing to unpack .../08-librtmp1_2.4+20151223.gitfa8646d.1-2+b2_amd64.deb ...
Unpacking librtmp1:amd64 (2.4+20151223.gitfa8646d.1-2+b2) ...
Selecting previously unselected package libssh2-1:amd64.
Preparing to unpack .../09-libssh2-1_1.10.0-3+b1_amd64.deb ...
Unpacking libssh2-1:amd64 (1.10.0-3+b1) ...
Selecting previously unselected package libcurl3-gnutls:amd64.
Preparing to unpack .../10-libcurl3-gnutls_7.88.1-10+deb12u14_amd64.deb ...
Unpacking libcurl3-gnutls:amd64 (7.88.1-10+deb12u14) ...
Selecting previously unselected package liberror-perl.
Preparing to unpack .../11-liberror-perl_0.17029-2_all.deb ...
Unpacking liberror-perl (0.17029-2) ...
Selecting previously unselected package git-man.
Preparing to unpack .../12-git-man_1%3a2.39.5-0+deb12u3_all.deb ...
Unpacking git-man (1:2.39.5-0+deb12u3) ...
Selecting previously unselected package git.
Preparing to unpack .../13-git_1%3a2.39.5-0+deb12u3_amd64.deb ...
Unpacking git (1:2.39.5-0+deb12u3) ...
Selecting previously unselected package libxext6:amd64.
Preparing to unpack .../14-libxext6_2%3a1.3.4-1+b1_amd64.deb ...
Unpacking libxext6:amd64 (2:1.3.4-1+b1) ...
Selecting previously unselected package libxmuu1:amd64.
Preparing to unpack .../15-libxmuu1_2%3a1.1.3-3_amd64.deb ...
Unpacking libxmuu1:amd64 (2:1.1.3-3) ...
Preparing to unpack .../16-openssl_3.0.19-1~deb12u2_amd64.deb ...
Unpacking openssl (3.0.19-1~deb12u2) over (3.0.16-1~deb12u1) ...
Selecting previously unselected package publicsuffix.
Preparing to unpack .../17-publicsuffix_20230209.2326-1_all.deb ...
Unpacking publicsuffix (20230209.2326-1) ...
Selecting previously unselected package xauth.
Preparing to unpack .../18-xauth_1%3a1.1.2-1_amd64.deb ...
Unpacking xauth (1:1.1.2-1) ...
Setting up libpsl5:amd64 (0.21.2-1) ...
Setting up libcbor0.8:amd64 (0.8.0-2+b1) ...
Setting up libedit2:amd64 (3.1-20221030-2) ...
Setting up libssl3:amd64 (3.0.19-1~deb12u2) ...
Setting up libnghttp2-14:amd64 (1.52.0-1+deb12u2) ...
Setting up less (590-2.1~deb12u2) ...
Setting up libxext6:amd64 (2:1.3.4-1+b1) ...
Setting up liberror-perl (0.17029-2) ...
Setting up librtmp1:amd64 (2.4+20151223.gitfa8646d.1-2+b2) ...
Setting up git-man (1:2.39.5-0+deb12u3) ...
Setting up libssh2-1:amd64 (1.10.0-3+b1) ...
Setting up libfido2-1:amd64 (1.12.0-2+b1) ...
Setting up openssl (3.0.19-1~deb12u2) ...
Setting up publicsuffix (20230209.2326-1) ...
Setting up libxmuu1:amd64 (2:1.1.3-3) ...
Setting up openssh-client (1:9.2p1-2+deb12u9) ...
Setting up libcurl3-gnutls:amd64 (7.88.1-10+deb12u14) ...
Setting up git (1:2.39.5-0+deb12u3) ...
Setting up xauth (1:1.1.2-1) ...
Processing triggers for libc-bin (2.36-9+deb12u13) ...
┌─ Error ─────────────────────────────────────────────────────────────────────┐
│ C:\Users\Jack\Documents\Research\WIP\CPTServo\data\modal_apg_run.log was    │
│ modified during build process.                                              │
└─────────────────────────────────────────────────────────────────────────────┘
