[12:54:17] === PI sweep (9 points): kp x ki = [10000.0, 30000.0, 100000.0] x [1000000.0, 3000000.0, 10000000.0] ===
[12:54:17] --> kp=1e+04, ki=1e+06
[12:57:34]     sup=6.150e-02, phase=176.2deg, rf_peak=26.6Hz, sigma_y(1s)=3.232e-12, sigma_y(10s)=3.252e-13, stage1=PASS, wall=196s
[12:57:34] --> kp=1e+04, ki=3e+06
[13:00:50]     sup=2.063e-02, phase=179.2deg, rf_peak=30.6Hz, sigma_y(1s)=2.307e-12, sigma_y(10s)=2.303e-13, stage1=PASS, wall=195s
[13:00:50] --> kp=1e+04, ki=1e+07
[13:04:07]     sup=6.205e-03, phase=179.4deg, rf_peak=46.4Hz, sigma_y(1s)=2.143e-12, sigma_y(10s)=2.156e-13, stage1=PASS, wall=195s
[13:04:07] --> kp=3e+04, ki=1e+06
[13:07:23]     sup=5.972e-02, phase=176.9deg, rf_peak=92.7Hz, sigma_y(1s)=3.585e-12, sigma_y(10s)=3.568e-13, stage1=PASS, wall=195s
[13:07:23] --> kp=3e+04, ki=3e+06
[13:10:40]     sup=2.056e-02, phase=178.4deg, rf_peak=95.4Hz, sigma_y(1s)=3.496e-12, sigma_y(10s)=3.477e-13, stage1=PASS, wall=196s
[13:10:40] --> kp=3e+04, ki=1e+07
[13:13:56]     sup=6.024e-03, phase=179.8deg, rf_peak=176.4Hz, sigma_y(1s)=6.439e-12, sigma_y(10s)=6.389e-13, stage1=PASS, wall=194s
[13:13:56] --> kp=1e+05, ki=1e+06
[13:17:12]     sup=1.008e+00, phase=108.0deg, rf_peak=1000.0Hz, sigma_y(1s)=3.433e-11, sigma_y(10s)=1.111e-11, stage1=FAIL, wall=194s
[13:17:12] --> kp=1e+05, ki=3e+06
[13:20:25]     sup=1.006e+00, phase=-72.0deg, rf_peak=1000.0Hz, sigma_y(1s)=3.273e-11, sigma_y(10s)=1.090e-11, stage1=FAIL, wall=192s
[13:20:25] --> kp=1e+05, ki=1e+07
[13:23:40]     sup=9.956e-01, phase=108.0deg, rf_peak=1000.0Hz, sigma_y(1s)=3.346e-11, sigma_y(10s)=7.999e-12, stage1=FAIL, wall=194s
[13:23:40] 
=== WINNER ===
[13:23:40] kp=1e+04, ki=1e+07: suppression=6.205e-03, sigma_y(10s)=2.156e-13
[13:23:40] 
Wrote C:\Users\Jack\Documents\Research\WIP\CPTServo\data\pi_sweep_results.json
[13:23:40] 
Next: update v1_recipe.yaml pi_gains, OR set PIController defaults to kp=1e+04, ki=1e+07, then re-run fast_m3_v0.
